<?xml version="1.0"?>
<testsuite name="Chrome 48.0.2564 (Mac OS X 10.10.5)" package="" timestamp="2016-03-03T02:12:54" id="0" hostname="Deryls-MacBook-Pro.local" tests="3" errors="0" failures="0" time="0.068">
  <properties>
    <property name="browser.fullName" value="Mozilla/5.0 (Macintosh; Intel Mac OS X 10_10_5) AppleWebKit/537.36 (KHTML, like Gecko) Chrome/48.0.2564.116 Safari/537.36"/>
  </properties>
  <testcase name="valid password and invalid username" time="0.06" classname="Chrome_48_0_2564_(Mac_OS_X_10_10_5).Main Test"/>
  <testcase name="invalid password and valid username" time="0.006" classname="Chrome_48_0_2564_(Mac_OS_X_10_10_5).Main Test"/>
  <testcase name="valid password and valid username" time="0.002" classname="Chrome_48_0_2564_(Mac_OS_X_10_10_5).Main Test"/>
  <system-out>
    <![CDATA[Chrome 48.0.2564 (Mac OS X 10.10.5) LOG: 'TESTING'
,Chrome 48.0.2564 (Mac OS X 10.10.5) LOG: 'TESTING'
,Chrome 48.0.2564 (Mac OS X 10.10.5) LOG: 'TESTING'

]]>
  </system-out>
  <system-err/>
</testsuite>